Started GET "/" for 60.112.30.198 at 2021-08-08 05:41:32 +0000
Cannot render console from 60.112.30.198! Allowed networks: 127.0.0.1, ::1, 127.0.0.0/127.255.255.255
Processing by Rails::WelcomeController#index as HTML
  Rendering /home/ec2-user/.rvm/gems/ruby-2.6.3/gems/railties-5.2.6/lib/rails/templates/rails/welcome/index.html.erb
  Rendered /home/ec2-user/.rvm/gems/ruby-2.6.3/gems/railties-5.2.6/lib/rails/templates/rails/welcome/index.html.erb (8.1ms)
Completed 200 OK in 36ms (Views: 28.2ms | ActiveRecord: 0.0ms)


Started GET "/" for 60.112.30.198 at 2021-08-08 05:41:33 +0000
Cannot render console from 60.112.30.198! Allowed networks: 127.0.0.1, ::1, 127.0.0.0/127.255.255.255
Processing by Rails::WelcomeController#index as HTML
  Rendering /home/ec2-user/.rvm/gems/ruby-2.6.3/gems/railties-5.2.6/lib/rails/templates/rails/welcome/index.html.erb
  Rendered /home/ec2-user/.rvm/gems/ruby-2.6.3/gems/railties-5.2.6/lib/rails/templates/rails/welcome/index.html.erb (2.0ms)
Completed 200 OK in 8ms (Views: 6.8ms | ActiveRecord: 0.0ms)


Started GET "/" for 60.112.30.198 at 2021-08-08 05:45:42 +0000
Cannot render console from 60.112.30.198! Allowed networks: 127.0.0.1, ::1, 127.0.0.0/127.255.255.255
Processing by Rails::WelcomeController#index as HTML
  Rendering /home/ec2-user/.rvm/gems/ruby-2.6.3/gems/railties-5.2.6/lib/rails/templates/rails/welcome/index.html.erb
  Rendered /home/ec2-user/.rvm/gems/ruby-2.6.3/gems/railties-5.2.6/lib/rails/templates/rails/welcome/index.html.erb (2.9ms)
Completed 200 OK in 15ms (Views: 8.9ms | ActiveRecord: 0.0ms)


Started GET "/" for 60.112.30.198 at 2021-08-08 05:45:43 +0000
Cannot render console from 60.112.30.198! Allowed networks: 127.0.0.1, ::1, 127.0.0.0/127.255.255.255
Processing by Rails::WelcomeController#index as HTML
  Rendering /home/ec2-user/.rvm/gems/ruby-2.6.3/gems/railties-5.2.6/lib/rails/templates/rails/welcome/index.html.erb
  Rendered /home/ec2-user/.rvm/gems/ruby-2.6.3/gems/railties-5.2.6/lib/rails/templates/rails/welcome/index.html.erb (3.1ms)
Completed 200 OK in 7ms (Views: 6.0ms | ActiveRecord: 0.0ms)


Started GET "/" for 60.112.30.198 at 2021-08-08 06:20:47 +0000
Cannot render console from 60.112.30.198! Allowed networks: 127.0.0.1, ::1, 127.0.0.0/127.255.255.255
Processing by Rails::WelcomeController#index as HTML
  Rendering /home/ec2-user/.rvm/gems/ruby-2.6.3/gems/railties-5.2.6/lib/rails/templates/rails/welcome/index.html.erb
  Rendered /home/ec2-user/.rvm/gems/ruby-2.6.3/gems/railties-5.2.6/lib/rails/templates/rails/welcome/index.html.erb (2.9ms)
Completed 200 OK in 16ms (Views: 10.9ms | ActiveRecord: 0.0ms)


Started GET "/" for 60.112.30.198 at 2021-08-08 06:20:49 +0000
Cannot render console from 60.112.30.198! Allowed networks: 127.0.0.1, ::1, 127.0.0.0/127.255.255.255
Processing by Rails::WelcomeController#index as HTML
  Rendering /home/ec2-user/.rvm/gems/ruby-2.6.3/gems/railties-5.2.6/lib/rails/templates/rails/welcome/index.html.erb
  Rendered /home/ec2-user/.rvm/gems/ruby-2.6.3/gems/railties-5.2.6/lib/rails/templates/rails/welcome/index.html.erb (2.0ms)
Completed 200 OK in 6ms (Views: 5.3ms | ActiveRecord: 0.0ms)


  [1m[35m (0.1ms)[0m  [1m[34mSELECT sqlite_version(*)[0m
  ↳ bin/rails:9
<<<<<<< HEAD
  [1m[35m (6.0ms)[0m  [1m[35mCREATE TABLE "schema_migrations" ("version" varchar NOT NULL PRIMARY KEY)[0m
  ↳ bin/rails:9
  [1m[35m (5.7ms)[0m  [1m[35mCREATE TABLE "ar_internal_metadata" ("key" varchar NOT NULL PRIMARY KEY, "value" varchar, "created_at" datetime NOT NULL, "updated_at" datetime NOT NULL)[0m
  ↳ bin/rails:9
  [1m[35m (0.1ms)[0m  [1m[34mSELECT "schema_migrations"."version" FROM "schema_migrations" ORDER BY "schema_migrations"."version" ASC[0m
  ↳ bin/rails:9
Migrating to DeviseCreateUsers (20210808082949)
  [1m[35m (0.0ms)[0m  [1m[36mbegin transaction[0m
  ↳ bin/rails:9
  [1m[35m (1.0ms)[0m  [1m[35mCREATE TABLE "users" ("id" integer PRIMARY KEY AUTOINCREMENT NOT NULL, "email" varchar DEFAULT '' NOT NULL, "encrypted_password" varchar DEFAULT '' NOT NULL, "reset_password_token" varchar, "reset_password_sent_at" datetime, "remember_created_at" datetime, "name" varchar, "created_at" datetime NOT NULL, "updated_at" datetime NOT NULL)[0m
  ↳ db/migrate/20210808082949_devise_create_users.rb:5
  [1m[35m (0.2ms)[0m  [1m[35mCREATE UNIQUE INDEX "index_users_on_email" ON "users" ("email")[0m
  ↳ db/migrate/20210808082949_devise_create_users.rb:40
  [1m[35m (0.1ms)[0m  [1m[35mCREATE UNIQUE INDEX "index_users_on_reset_password_token" ON "users" ("reset_password_token")[0m
  ↳ db/migrate/20210808082949_devise_create_users.rb:41
  [1m[36mActiveRecord::SchemaMigration Create (0.1ms)[0m  [1m[32mINSERT INTO "schema_migrations" ("version") VALUES (?)[0m  [["version", "20210808082949"]]
  ↳ bin/rails:9
  [1m[35m (4.7ms)[0m  [1m[36mcommit transaction[0m
  ↳ bin/rails:9
  [1m[36mActiveRecord::InternalMetadata Load (0.1ms)[0m  [1m[34mSELECT  "ar_internal_metadata".* FROM "ar_internal_metadata" WHERE "ar_internal_metadata"."key" = ? LIMIT ?[0m  [["key", "environment"], ["LIMIT", 1]]
  ↳ bin/rails:9
  [1m[35m (0.1ms)[0m  [1m[36mbegin transaction[0m
  ↳ bin/rails:9
  [1m[36mActiveRecord::InternalMetadata Create (0.7ms)[0m  [1m[32mINSERT INTO "ar_internal_metadata" ("key", "value", "created_at", "updated_at") VALUES (?, ?, ?, ?)[0m  [["key", "environment"], ["value", "development"], ["created_at", "2021-08-08 08:31:41.879354"], ["updated_at", "2021-08-08 08:31:41.879354"]]
  ↳ bin/rails:9
  [1m[35m (4.6ms)[0m  [1m[36mcommit transaction[0m
=======
  [1m[35m (6.2ms)[0m  [1m[35mCREATE TABLE "schema_migrations" ("version" varchar NOT NULL PRIMARY KEY)[0m
  ↳ bin/rails:9
  [1m[35m (4.8ms)[0m  [1m[35mCREATE TABLE "ar_internal_metadata" ("key" varchar NOT NULL PRIMARY KEY, "value" varchar, "created_at" datetime NOT NULL, "updated_at" datetime NOT NULL)[0m
  ↳ bin/rails:9
  [1m[35m (0.1ms)[0m  [1m[34mSELECT "schema_migrations"."version" FROM "schema_migrations" ORDER BY "schema_migrations"."version" ASC[0m
  ↳ bin/rails:9
Migrating to DeviseCreateAdmins (20210808072635)
  [1m[35m (0.0ms)[0m  [1m[36mbegin transaction[0m
  ↳ bin/rails:9
  [1m[35m (1.0ms)[0m  [1m[35mCREATE TABLE "admins" ("id" integer PRIMARY KEY AUTOINCREMENT NOT NULL, "email" varchar DEFAULT '' NOT NULL, "encrypted_password" varchar DEFAULT '' NOT NULL, "reset_password_token" varchar, "reset_password_sent_at" datetime, "remember_created_at" datetime, "name" varchar, "created_at" datetime NOT NULL, "updated_at" datetime NOT NULL)[0m
  ↳ db/migrate/20210808072635_devise_create_admins.rb:5
  [1m[35m (0.2ms)[0m  [1m[35mCREATE UNIQUE INDEX "index_admins_on_email" ON "admins" ("email")[0m
  ↳ db/migrate/20210808072635_devise_create_admins.rb:40
  [1m[35m (0.1ms)[0m  [1m[35mCREATE UNIQUE INDEX "index_admins_on_reset_password_token" ON "admins" ("reset_password_token")[0m
  ↳ db/migrate/20210808072635_devise_create_admins.rb:41
  [1m[36mActiveRecord::SchemaMigration Create (0.1ms)[0m  [1m[32mINSERT INTO "schema_migrations" ("version") VALUES (?)[0m  [["version", "20210808072635"]]
  ↳ bin/rails:9
  [1m[35m (4.2ms)[0m  [1m[36mcommit transaction[0m
  ↳ bin/rails:9
  [1m[36mActiveRecord::InternalMetadata Load (0.1ms)[0m  [1m[34mSELECT  "ar_internal_metadata".* FROM "ar_internal_metadata" WHERE "ar_internal_metadata"."key" = ? LIMIT ?[0m  [["key", "environment"], ["LIMIT", 1]]
  ↳ bin/rails:9
  [1m[35m (0.0ms)[0m  [1m[36mbegin transaction[0m
  ↳ bin/rails:9
  [1m[36mActiveRecord::InternalMetadata Create (0.8ms)[0m  [1m[32mINSERT INTO "ar_internal_metadata" ("key", "value", "created_at", "updated_at") VALUES (?, ?, ?, ?)[0m  [["key", "environment"], ["value", "development"], ["created_at", "2021-08-08 07:28:49.543640"], ["updated_at", "2021-08-08 07:28:49.543640"]]
  ↳ bin/rails:9
  [1m[35m (4.0ms)[0m  [1m[36mcommit transaction[0m
>>>>>>> develop
  ↳ bin/rails:9
  [1m[35m (0.1ms)[0m  [1m[34mSELECT "schema_migrations"."version" FROM "schema_migrations" ORDER BY "schema_migrations"."version" ASC[0m
  ↳ bin/rails:9
  [1m[35m (0.1ms)[0m  [1m[34mSELECT "schema_migrations"."version" FROM "schema_migrations" ORDER BY "schema_migrations"."version" ASC[0m
  ↳ bin/rails:9
  [1m[35m (0.1ms)[0m  [1m[34mSELECT "schema_migrations"."version" FROM "schema_migrations" ORDER BY "schema_migrations"."version" ASC[0m
  ↳ bin/rails:9
  [1m[35m (0.1ms)[0m  [1m[34mSELECT "schema_migrations"."version" FROM "schema_migrations" ORDER BY "schema_migrations"."version" ASC[0m
  ↳ bin/rails:9
  [1m[35m (0.1ms)[0m  [1m[34mSELECT "schema_migrations"."version" FROM "schema_migrations" ORDER BY "schema_migrations"."version" ASC[0m
  ↳ bin/rails:9
  [1m[35m (0.1ms)[0m  [1m[34mSELECT "schema_migrations"."version" FROM "schema_migrations" ORDER BY "schema_migrations"."version" ASC[0m
  ↳ bin/rails:9
Migrating to DeviseCreateAdmins (20210808072635)
  [1m[35m (0.0ms)[0m  [1m[36mbegin transaction[0m
  ↳ bin/rails:9
  [1m[35m (0.9ms)[0m  [1m[35mDROP INDEX "index_admins_on_reset_password_token"[0m
  ↳ bin/rails:9
  [1m[35m (0.2ms)[0m  [1m[35mDROP INDEX "index_admins_on_email"[0m
  ↳ bin/rails:9
  [1m[35m (0.1ms)[0m  [1m[35mDROP TABLE "admins"[0m
  ↳ bin/rails:9
  [1m[36mActiveRecord::SchemaMigration Destroy (0.2ms)[0m  [1m[31mDELETE FROM "schema_migrations" WHERE "schema_migrations"."version" = ?[0m  [["version", "20210808072635"]]
  ↳ bin/rails:9
  [1m[35m (5.5ms)[0m  [1m[36mcommit transaction[0m
  ↳ bin/rails:9
  [1m[35m (0.1ms)[0m  [1m[34mSELECT "schema_migrations"."version" FROM "schema_migrations" ORDER BY "schema_migrations"."version" ASC[0m
  ↳ bin/rails:9
  [1m[35m (0.1ms)[0m  [1m[34mSELECT "schema_migrations"."version" FROM "schema_migrations" ORDER BY "schema_migrations"."version" ASC[0m
  ↳ bin/rails:9
Migrating to DeviseCreateAdmins (20210808072635)
  [1m[35m (0.0ms)[0m  [1m[36mbegin transaction[0m
  ↳ bin/rails:9
  [1m[35m (0.1ms)[0m  [1m[34mSELECT sqlite_version(*)[0m
  ↳ db/migrate/20210808072635_devise_create_admins.rb:5
  [1m[35m (1.2ms)[0m  [1m[35mCREATE TABLE "admins" ("id" integer PRIMARY KEY AUTOINCREMENT NOT NULL, "email" varchar DEFAULT '' NOT NULL, "encrypted_password" varchar DEFAULT '' NOT NULL, "reset_password_token" varchar, "reset_password_sent_at" datetime, "remember_created_at" datetime, "name" varchar, "created_at" datetime NOT NULL, "updated_at" datetime NOT NULL)[0m
  ↳ db/migrate/20210808072635_devise_create_admins.rb:5
  [1m[35m (0.2ms)[0m  [1m[35mCREATE UNIQUE INDEX "index_admins_on_email" ON "admins" ("email")[0m
  ↳ db/migrate/20210808072635_devise_create_admins.rb:40
  [1m[35m (0.2ms)[0m  [1m[35mCREATE UNIQUE INDEX "index_admins_on_reset_password_token" ON "admins" ("reset_password_token")[0m
  ↳ db/migrate/20210808072635_devise_create_admins.rb:41
  [1m[36mActiveRecord::SchemaMigration Create (0.1ms)[0m  [1m[32mINSERT INTO "schema_migrations" ("version") VALUES (?)[0m  [["version", "20210808072635"]]
  ↳ bin/rails:9
  [1m[35m (4.7ms)[0m  [1m[36mcommit transaction[0m
  ↳ bin/rails:9
  [1m[36mActiveRecord::InternalMetadata Load (0.1ms)[0m  [1m[34mSELECT  "ar_internal_metadata".* FROM "ar_internal_metadata" WHERE "ar_internal_metadata"."key" = ? LIMIT ?[0m  [["key", "environment"], ["LIMIT", 1]]
  ↳ bin/rails:9
  [1m[35m (0.0ms)[0m  [1m[36mbegin transaction[0m
  ↳ bin/rails:9
  [1m[35m (0.0ms)[0m  [1m[36mcommit transaction[0m
  ↳ bin/rails:9
  [1m[35m (0.1ms)[0m  [1m[34mSELECT "schema_migrations"."version" FROM "schema_migrations" ORDER BY "schema_migrations"."version" ASC[0m
  ↳ bin/rails:9
  [1m[35m (0.1ms)[0m  [1m[34mSELECT "schema_migrations"."version" FROM "schema_migrations" ORDER BY "schema_migrations"."version" ASC[0m
  ↳ bin/rails:9
  [1m[35m (0.1ms)[0m  [1m[34mSELECT "schema_migrations"."version" FROM "schema_migrations" ORDER BY "schema_migrations"."version" ASC[0m
  ↳ bin/rails:9
  [1m[35m (0.1ms)[0m  [1m[34mSELECT "schema_migrations"."version" FROM "schema_migrations" ORDER BY "schema_migrations"."version" ASC[0m
  ↳ bin/rails:9
  [1m[35m (0.1ms)[0m  [1m[34mSELECT "schema_migrations"."version" FROM "schema_migrations" ORDER BY "schema_migrations"."version" ASC[0m
  ↳ bin/rails:9
Migrating to DeviseCreateAdmins (20210808072635)
  [1m[35m (0.0ms)[0m  [1m[36mbegin transaction[0m
  ↳ bin/rails:9
  [1m[35m (0.9ms)[0m  [1m[35mDROP INDEX "index_admins_on_reset_password_token"[0m
  ↳ bin/rails:9
  [1m[35m (0.2ms)[0m  [1m[35mDROP INDEX "index_admins_on_email"[0m
  ↳ bin/rails:9
  [1m[35m (0.2ms)[0m  [1m[35mDROP TABLE "admins"[0m
  ↳ bin/rails:9
  [1m[36mActiveRecord::SchemaMigration Destroy (0.1ms)[0m  [1m[31mDELETE FROM "schema_migrations" WHERE "schema_migrations"."version" = ?[0m  [["version", "20210808072635"]]
  ↳ bin/rails:9
  [1m[35m (6.7ms)[0m  [1m[36mcommit transaction[0m
  ↳ bin/rails:9
  [1m[35m (0.1ms)[0m  [1m[34mSELECT "schema_migrations"."version" FROM "schema_migrations" ORDER BY "schema_migrations"."version" ASC[0m
  ↳ bin/rails:9
  [1m[35m (0.1ms)[0m  [1m[34mSELECT "schema_migrations"."version" FROM "schema_migrations" ORDER BY "schema_migrations"."version" ASC[0m
  ↳ bin/rails:9
  [1m[35m (0.1ms)[0m  [1m[34mSELECT "schema_migrations"."version" FROM "schema_migrations" ORDER BY "schema_migrations"."version" ASC[0m
  ↳ bin/rails:9
  [1m[35m (0.1ms)[0m  [1m[34mSELECT "schema_migrations"."version" FROM "schema_migrations" ORDER BY "schema_migrations"."version" ASC[0m
  ↳ bin/rails:9
  [1m[35m (0.1ms)[0m  [1m[34mSELECT "schema_migrations"."version" FROM "schema_migrations" ORDER BY "schema_migrations"."version" ASC[0m
  ↳ bin/rails:9
  [1m[35m (0.1ms)[0m  [1m[34mSELECT "schema_migrations"."version" FROM "schema_migrations" ORDER BY "schema_migrations"."version" ASC[0m
  ↳ bin/rails:9
  [1m[35m (0.1ms)[0m  [1m[34mSELECT "schema_migrations"."version" FROM "schema_migrations" ORDER BY "schema_migrations"."version" ASC[0m
  ↳ bin/rails:9
Migrating to DeviseCreateAdmins (20210808072635)
  [1m[35m (0.0ms)[0m  [1m[36mbegin transaction[0m
  ↳ bin/rails:9
  [1m[35m (0.1ms)[0m  [1m[34mSELECT sqlite_version(*)[0m
  ↳ db/migrate/20210808072635_devise_create_admins.rb:5
  [1m[35m (1.2ms)[0m  [1m[35mCREATE TABLE "admins" ("id" integer PRIMARY KEY AUTOINCREMENT NOT NULL, "email" varchar DEFAULT '' NOT NULL, "encrypted_password" varchar DEFAULT '' NOT NULL, "reset_password_token" varchar, "reset_password_sent_at" datetime, "remember_created_at" datetime, "name" varchar, "created_at" datetime NOT NULL, "updated_at" datetime NOT NULL)[0m
  ↳ db/migrate/20210808072635_devise_create_admins.rb:5
  [1m[35m (0.2ms)[0m  [1m[35mCREATE UNIQUE INDEX "index_admins_on_email" ON "admins" ("email")[0m
  ↳ db/migrate/20210808072635_devise_create_admins.rb:40
  [1m[35m (0.1ms)[0m  [1m[35mCREATE UNIQUE INDEX "index_admins_on_reset_password_token" ON "admins" ("reset_password_token")[0m
  ↳ db/migrate/20210808072635_devise_create_admins.rb:41
  [1m[36mActiveRecord::SchemaMigration Create (0.2ms)[0m  [1m[32mINSERT INTO "schema_migrations" ("version") VALUES (?)[0m  [["version", "20210808072635"]]
  ↳ bin/rails:9
  [1m[35m (4.7ms)[0m  [1m[36mcommit transaction[0m
  ↳ bin/rails:9
Migrating to DeviseCreateUsers (20210808082949)
  [1m[35m (0.0ms)[0m  [1m[36mbegin transaction[0m
  ↳ bin/rails:9
  [1m[35m (0.9ms)[0m  [1m[35mCREATE TABLE "users" ("id" integer PRIMARY KEY AUTOINCREMENT NOT NULL, "email" varchar DEFAULT '' NOT NULL, "encrypted_password" varchar DEFAULT '' NOT NULL, "reset_password_token" varchar, "reset_password_sent_at" datetime, "remember_created_at" datetime, "name" varchar, "created_at" datetime NOT NULL, "updated_at" datetime NOT NULL)[0m
  ↳ db/migrate/20210808082949_devise_create_users.rb:5
  [1m[35m (0.2ms)[0m  [1m[35mCREATE UNIQUE INDEX "index_users_on_email" ON "users" ("email")[0m
  ↳ db/migrate/20210808082949_devise_create_users.rb:40
  [1m[35m (0.1ms)[0m  [1m[35mCREATE UNIQUE INDEX "index_users_on_reset_password_token" ON "users" ("reset_password_token")[0m
  ↳ db/migrate/20210808082949_devise_create_users.rb:41
  [1m[36mActiveRecord::SchemaMigration Create (0.1ms)[0m  [1m[32mINSERT INTO "schema_migrations" ("version") VALUES (?)[0m  [["version", "20210808082949"]]
  ↳ bin/rails:9
  [1m[35m (5.4ms)[0m  [1m[36mcommit transaction[0m
  ↳ bin/rails:9
  [1m[36mActiveRecord::InternalMetadata Load (0.1ms)[0m  [1m[34mSELECT  "ar_internal_metadata".* FROM "ar_internal_metadata" WHERE "ar_internal_metadata"."key" = ? LIMIT ?[0m  [["key", "environment"], ["LIMIT", 1]]
  ↳ bin/rails:9
  [1m[35m (0.0ms)[0m  [1m[36mbegin transaction[0m
  ↳ bin/rails:9
  [1m[35m (0.0ms)[0m  [1m[36mcommit transaction[0m
  ↳ bin/rails:9
  [1m[35m (0.1ms)[0m  [1m[34mSELECT "schema_migrations"."version" FROM "schema_migrations" ORDER BY "schema_migrations"."version" ASC[0m
  ↳ bin/rails:9
  [1m[35m (0.1ms)[0m  [1m[34mSELECT "schema_migrations"."version" FROM "schema_migrations" ORDER BY "schema_migrations"."version" ASC[0m
  ↳ bin/rails:9
  [1m[35m (0.1ms)[0m  [1m[34mSELECT "schema_migrations"."version" FROM "schema_migrations" ORDER BY "schema_migrations"."version" ASC[0m
  ↳ bin/rails:9
  [1m[35m (0.1ms)[0m  [1m[34mSELECT "schema_migrations"."version" FROM "schema_migrations" ORDER BY "schema_migrations"."version" ASC[0m
  ↳ bin/rails:9
  [1m[35m (0.1ms)[0m  [1m[34mSELECT "schema_migrations"."version" FROM "schema_migrations" ORDER BY "schema_migrations"."version" ASC[0m
  ↳ bin/rails:9
  [1m[35m (0.1ms)[0m  [1m[34mSELECT "schema_migrations"."version" FROM "schema_migrations" ORDER BY "schema_migrations"."version" ASC[0m
  ↳ bin/rails:9
Migrating to DeviseCreateUsers (20210808082949)
  [1m[35m (0.0ms)[0m  [1m[36mbegin transaction[0m
  ↳ bin/rails:9
  [1m[35m (1.0ms)[0m  [1m[35mDROP INDEX "index_users_on_reset_password_token"[0m
  ↳ bin/rails:9
  [1m[35m (0.2ms)[0m  [1m[35mDROP INDEX "index_users_on_email"[0m
  ↳ bin/rails:9
  [1m[35m (0.2ms)[0m  [1m[35mDROP TABLE "users"[0m
  ↳ bin/rails:9
  [1m[36mActiveRecord::SchemaMigration Destroy (0.1ms)[0m  [1m[31mDELETE FROM "schema_migrations" WHERE "schema_migrations"."version" = ?[0m  [["version", "20210808082949"]]
  ↳ bin/rails:9
  [1m[35m (5.8ms)[0m  [1m[36mcommit transaction[0m
  ↳ bin/rails:9
Migrating to DeviseCreateAdmins (20210808072635)
  [1m[35m (0.0ms)[0m  [1m[36mbegin transaction[0m
  ↳ bin/rails:9
  [1m[35m (0.6ms)[0m  [1m[35mDROP INDEX "index_admins_on_reset_password_token"[0m
  ↳ bin/rails:9
  [1m[35m (0.3ms)[0m  [1m[35mDROP INDEX "index_admins_on_email"[0m
  ↳ bin/rails:9
  [1m[35m (0.2ms)[0m  [1m[35mDROP TABLE "admins"[0m
  ↳ bin/rails:9
  [1m[36mActiveRecord::SchemaMigration Destroy (0.1ms)[0m  [1m[31mDELETE FROM "schema_migrations" WHERE "schema_migrations"."version" = ?[0m  [["version", "20210808072635"]]
  ↳ bin/rails:9
  [1m[35m (4.7ms)[0m  [1m[36mcommit transaction[0m
  ↳ bin/rails:9
  [1m[35m (0.1ms)[0m  [1m[34mSELECT "schema_migrations"."version" FROM "schema_migrations" ORDER BY "schema_migrations"."version" ASC[0m
  ↳ bin/rails:9
  [1m[35m (0.1ms)[0m  [1m[34mSELECT "schema_migrations"."version" FROM "schema_migrations" ORDER BY "schema_migrations"."version" ASC[0m
  ↳ bin/rails:9
  [1m[35m (0.1ms)[0m  [1m[34mSELECT "schema_migrations"."version" FROM "schema_migrations" ORDER BY "schema_migrations"."version" ASC[0m
  ↳ bin/rails:9
Migrating to DeviseCreateAdmins (20210808072635)
  [1m[35m (0.0ms)[0m  [1m[36mbegin transaction[0m
  ↳ bin/rails:9
  [1m[35m (0.1ms)[0m  [1m[34mSELECT sqlite_version(*)[0m
  ↳ db/migrate/20210808072635_devise_create_admins.rb:5
  [1m[35m (1.2ms)[0m  [1m[35mCREATE TABLE "admins" ("id" integer PRIMARY KEY AUTOINCREMENT NOT NULL, "email" varchar DEFAULT '' NOT NULL, "encrypted_password" varchar DEFAULT '' NOT NULL, "reset_password_token" varchar, "reset_password_sent_at" datetime, "remember_created_at" datetime, "name" varchar, "created_at" datetime NOT NULL, "updated_at" datetime NOT NULL)[0m
  ↳ db/migrate/20210808072635_devise_create_admins.rb:5
  [1m[35m (0.2ms)[0m  [1m[35mCREATE UNIQUE INDEX "index_admins_on_email" ON "admins" ("email")[0m
  ↳ db/migrate/20210808072635_devise_create_admins.rb:40
  [1m[35m (0.2ms)[0m  [1m[35mCREATE UNIQUE INDEX "index_admins_on_reset_password_token" ON "admins" ("reset_password_token")[0m
  ↳ db/migrate/20210808072635_devise_create_admins.rb:41
  [1m[36mActiveRecord::SchemaMigration Create (0.1ms)[0m  [1m[32mINSERT INTO "schema_migrations" ("version") VALUES (?)[0m  [["version", "20210808072635"]]
  ↳ bin/rails:9
  [1m[35m (5.1ms)[0m  [1m[36mcommit transaction[0m
  ↳ bin/rails:9
Migrating to DeviseCreateUsers (20210808082949)
  [1m[35m (0.0ms)[0m  [1m[36mbegin transaction[0m
  ↳ bin/rails:9
  [1m[35m (0.7ms)[0m  [1m[35mCREATE TABLE "users" ("id" integer PRIMARY KEY AUTOINCREMENT NOT NULL, "email" varchar DEFAULT '' NOT NULL, "encrypted_password" varchar DEFAULT '' NOT NULL, "reset_password_token" varchar, "reset_password_sent_at" datetime, "remember_created_at" datetime, "name" varchar, "created_at" datetime NOT NULL, "updated_at" datetime NOT NULL)[0m
  ↳ db/migrate/20210808082949_devise_create_users.rb:5
  [1m[35m (0.4ms)[0m  [1m[35mCREATE UNIQUE INDEX "index_users_on_email" ON "users" ("email")[0m
  ↳ db/migrate/20210808082949_devise_create_users.rb:40
  [1m[35m (0.1ms)[0m  [1m[35mCREATE UNIQUE INDEX "index_users_on_reset_password_token" ON "users" ("reset_password_token")[0m
  ↳ db/migrate/20210808082949_devise_create_users.rb:41
  [1m[36mActiveRecord::SchemaMigration Create (0.1ms)[0m  [1m[32mINSERT INTO "schema_migrations" ("version") VALUES (?)[0m  [["version", "20210808082949"]]
  ↳ bin/rails:9
  [1m[35m (5.0ms)[0m  [1m[36mcommit transaction[0m
  ↳ bin/rails:9
  [1m[36mActiveRecord::InternalMetadata Load (0.2ms)[0m  [1m[34mSELECT  "ar_internal_metadata".* FROM "ar_internal_metadata" WHERE "ar_internal_metadata"."key" = ? LIMIT ?[0m  [["key", "environment"], ["LIMIT", 1]]
  ↳ bin/rails:9
  [1m[35m (0.0ms)[0m  [1m[36mbegin transaction[0m
  ↳ bin/rails:9
  [1m[35m (0.0ms)[0m  [1m[36mcommit transaction[0m
  ↳ bin/rails:9
  [1m[35m (0.1ms)[0m  [1m[34mSELECT "schema_migrations"."version" FROM "schema_migrations" ORDER BY "schema_migrations"."version" ASC[0m
  ↳ bin/rails:9
  [1m[35m (0.1ms)[0m  [1m[34mSELECT "schema_migrations"."version" FROM "schema_migrations" ORDER BY "schema_migrations"."version" ASC[0m
  ↳ bin/rails:9
Migrating to CreateAnimes (20210808133303)
  [1m[35m (0.1ms)[0m  [1m[36mbegin transaction[0m
  ↳ bin/rails:9
  [1m[35m (0.1ms)[0m  [1m[34mSELECT sqlite_version(*)[0m
  ↳ db/migrate/20210808133303_create_animes.rb:3
  [1m[35m (1.3ms)[0m  [1m[35mCREATE TABLE "animes" ("id" integer PRIMARY KEY AUTOINCREMENT NOT NULL, "user_id" integer, "genre_id" integer, "title" varchar, "anime_url" text, "created_at" datetime NOT NULL, "updated_at" datetime NOT NULL)[0m
  ↳ db/migrate/20210808133303_create_animes.rb:3
  [1m[36mActiveRecord::SchemaMigration Create (0.1ms)[0m  [1m[32mINSERT INTO "schema_migrations" ("version") VALUES (?)[0m  [["version", "20210808133303"]]
  ↳ bin/rails:9
  [1m[35m (7.6ms)[0m  [1m[36mcommit transaction[0m
  ↳ bin/rails:9
Migrating to CreateAnimeVoices (20210808133904)
  [1m[35m (0.1ms)[0m  [1m[36mbegin transaction[0m
  ↳ bin/rails:9
  [1m[35m (0.7ms)[0m  [1m[35mCREATE TABLE "anime_voices" ("id" integer PRIMARY KEY AUTOINCREMENT NOT NULL, "voice_id" integer, "anime_id" integer, "created_at" datetime NOT NULL, "updated_at" datetime NOT NULL)[0m
  ↳ db/migrate/20210808133904_create_anime_voices.rb:3
  [1m[36mActiveRecord::SchemaMigration Create (0.1ms)[0m  [1m[32mINSERT INTO "schema_migrations" ("version") VALUES (?)[0m  [["version", "20210808133904"]]
  ↳ bin/rails:9
  [1m[35m (4.7ms)[0m  [1m[36mcommit transaction[0m
  ↳ bin/rails:9
Migrating to CreateVoices (20210808134042)
  [1m[35m (0.0ms)[0m  [1m[36mbegin transaction[0m
  ↳ bin/rails:9
  [1m[35m (0.5ms)[0m  [1m[35mCREATE TABLE "voices" ("id" integer PRIMARY KEY AUTOINCREMENT NOT NULL, "user_id" integer, "name" varchar, "created_at" datetime NOT NULL, "updated_at" datetime NOT NULL)[0m
  ↳ db/migrate/20210808134042_create_voices.rb:3
  [1m[36mActiveRecord::SchemaMigration Create (0.1ms)[0m  [1m[32mINSERT INTO "schema_migrations" ("version") VALUES (?)[0m  [["version", "20210808134042"]]
  ↳ bin/rails:9
  [1m[35m (3.5ms)[0m  [1m[36mcommit transaction[0m
  ↳ bin/rails:9
Migrating to CreateComments (20210808135702)
  [1m[35m (0.0ms)[0m  [1m[36mbegin transaction[0m
  ↳ bin/rails:9
  [1m[35m (0.3ms)[0m  [1m[35mCREATE TABLE "comments" ("id" integer PRIMARY KEY AUTOINCREMENT NOT NULL, "anime_id" integer, "user_id" integer, "comment_content" text, "created_at" datetime NOT NULL, "updated_at" datetime NOT NULL)[0m
  ↳ db/migrate/20210808135702_create_comments.rb:3
  [1m[36mActiveRecord::SchemaMigration Create (0.1ms)[0m  [1m[32mINSERT INTO "schema_migrations" ("version") VALUES (?)[0m  [["version", "20210808135702"]]
  ↳ bin/rails:9
  [1m[35m (4.5ms)[0m  [1m[36mcommit transaction[0m
  ↳ bin/rails:9
  [1m[36mActiveRecord::InternalMetadata Load (0.2ms)[0m  [1m[34mSELECT  "ar_internal_metadata".* FROM "ar_internal_metadata" WHERE "ar_internal_metadata"."key" = ? LIMIT ?[0m  [["key", "environment"], ["LIMIT", 1]]
  ↳ bin/rails:9
  [1m[35m (0.1ms)[0m  [1m[36mbegin transaction[0m
  ↳ bin/rails:9
  [1m[35m (0.0ms)[0m  [1m[36mcommit transaction[0m
  ↳ bin/rails:9
  [1m[35m (0.1ms)[0m  [1m[34mSELECT "schema_migrations"."version" FROM "schema_migrations" ORDER BY "schema_migrations"."version" ASC[0m
  ↳ bin/rails:9
  [1m[35m (0.1ms)[0m  [1m[34mSELECT "schema_migrations"."version" FROM "schema_migrations" ORDER BY "schema_migrations"."version" ASC[0m
  ↳ bin/rails:9
Migrating to CreateFavorites (20210808140224)
  [1m[35m (0.0ms)[0m  [1m[36mbegin transaction[0m
  ↳ bin/rails:9
  [1m[35m (0.1ms)[0m  [1m[34mSELECT sqlite_version(*)[0m
  ↳ db/migrate/20210808140224_create_favorites.rb:3
  [1m[35m (1.5ms)[0m  [1m[35mCREATE TABLE "favorites" ("id" integer PRIMARY KEY AUTOINCREMENT NOT NULL, "anime_id" integer, "user_id" integer, "created_at" datetime NOT NULL, "updated_at" datetime NOT NULL)[0m
  ↳ db/migrate/20210808140224_create_favorites.rb:3
  [1m[36mActiveRecord::SchemaMigration Create (0.1ms)[0m  [1m[32mINSERT INTO "schema_migrations" ("version") VALUES (?)[0m  [["version", "20210808140224"]]
  ↳ bin/rails:9
  [1m[35m (5.0ms)[0m  [1m[36mcommit transaction[0m
  ↳ bin/rails:9
  [1m[36mActiveRecord::InternalMetadata Load (0.1ms)[0m  [1m[34mSELECT  "ar_internal_metadata".* FROM "ar_internal_metadata" WHERE "ar_internal_metadata"."key" = ? LIMIT ?[0m  [["key", "environment"], ["LIMIT", 1]]
  ↳ bin/rails:9
  [1m[35m (0.0ms)[0m  [1m[36mbegin transaction[0m
  ↳ bin/rails:9
  [1m[35m (0.0ms)[0m  [1m[36mcommit transaction[0m
  ↳ bin/rails:9
  [1m[35m (0.1ms)[0m  [1m[34mSELECT "schema_migrations"."version" FROM "schema_migrations" ORDER BY "schema_migrations"."version" ASC[0m
  ↳ bin/rails:9
  [1m[35m (0.1ms)[0m  [1m[34mSELECT "schema_migrations"."version" FROM "schema_migrations" ORDER BY "schema_migrations"."version" ASC[0m
  ↳ bin/rails:9
Migrating to CreateGenres (20210808140601)
  [1m[35m (0.0ms)[0m  [1m[36mbegin transaction[0m
  ↳ bin/rails:9
  [1m[35m (0.1ms)[0m  [1m[34mSELECT sqlite_version(*)[0m
  ↳ db/migrate/20210808140601_create_genres.rb:3
  [1m[35m (0.9ms)[0m  [1m[35mCREATE TABLE "genres" ("id" integer PRIMARY KEY AUTOINCREMENT NOT NULL, "name" varchar, "created_at" datetime NOT NULL, "updated_at" datetime NOT NULL)[0m
  ↳ db/migrate/20210808140601_create_genres.rb:3
  [1m[36mActiveRecord::SchemaMigration Create (0.1ms)[0m  [1m[32mINSERT INTO "schema_migrations" ("version") VALUES (?)[0m  [["version", "20210808140601"]]
  ↳ bin/rails:9
  [1m[35m (6.8ms)[0m  [1m[36mcommit transaction[0m
  ↳ bin/rails:9
  [1m[36mActiveRecord::InternalMetadata Load (0.2ms)[0m  [1m[34mSELECT  "ar_internal_metadata".* FROM "ar_internal_metadata" WHERE "ar_internal_metadata"."key" = ? LIMIT ?[0m  [["key", "environment"], ["LIMIT", 1]]
  ↳ bin/rails:9
  [1m[35m (0.0ms)[0m  [1m[36mbegin transaction[0m
  ↳ bin/rails:9
  [1m[35m (0.0ms)[0m  [1m[36mcommit transaction[0m
  ↳ bin/rails:9
  [1m[35m (0.1ms)[0m  [1m[34mSELECT "schema_migrations"."version" FROM "schema_migrations" ORDER BY "schema_migrations"."version" ASC[0m
  ↳ bin/rails:9
  [1m[35m (0.1ms)[0m  [1m[34mSELECT "schema_migrations"."version" FROM "schema_migrations" ORDER BY "schema_migrations"."version" ASC[0m
  ↳ bin/rails:9
Migrating to CreateMessages (20210808141059)
  [1m[35m (0.0ms)[0m  [1m[36mbegin transaction[0m
  ↳ bin/rails:9
  [1m[35m (0.1ms)[0m  [1m[34mSELECT sqlite_version(*)[0m
  ↳ db/migrate/20210808141059_create_messages.rb:3
  [1m[35m (1.4ms)[0m  [1m[35mCREATE TABLE "messages" ("id" integer PRIMARY KEY AUTOINCREMENT NOT NULL, "user_id" integer, "message_content" text, "created_at" datetime NOT NULL, "updated_at" datetime NOT NULL)[0m
  ↳ db/migrate/20210808141059_create_messages.rb:3
  [1m[36mActiveRecord::SchemaMigration Create (0.1ms)[0m  [1m[32mINSERT INTO "schema_migrations" ("version") VALUES (?)[0m  [["version", "20210808141059"]]
  ↳ bin/rails:9
  [1m[35m (6.2ms)[0m  [1m[36mcommit transaction[0m
  ↳ bin/rails:9
  [1m[36mActiveRecord::InternalMetadata Load (0.1ms)[0m  [1m[34mSELECT  "ar_internal_metadata".* FROM "ar_internal_metadata" WHERE "ar_internal_metadata"."key" = ? LIMIT ?[0m  [["key", "environment"], ["LIMIT", 1]]
  ↳ bin/rails:9
  [1m[35m (0.0ms)[0m  [1m[36mbegin transaction[0m
  ↳ bin/rails:9
  [1m[35m (0.4ms)[0m  [1m[36mcommit transaction[0m
  ↳ bin/rails:9
  [1m[35m (0.1ms)[0m  [1m[34mSELECT "schema_migrations"."version" FROM "schema_migrations" ORDER BY "schema_migrations"."version" ASC[0m
  ↳ bin/rails:9
Started GET "/" for 60.112.30.198 at 2021-08-10 13:12:56 +0000
Cannot render console from 60.112.30.198! Allowed networks: 127.0.0.1, ::1, 127.0.0.0/127.255.255.255
  [1m[35m (0.1ms)[0m  [1m[34mSELECT "schema_migrations"."version" FROM "schema_migrations" ORDER BY "schema_migrations"."version" ASC[0m
  ↳ /home/ec2-user/.rvm/gems/ruby-2.6.3/gems/activerecord-5.2.6/lib/active_record/log_subscriber.rb:98
Processing by HomesController#top as HTML
  Rendering homes/top.html.erb within layouts/application
  Rendered homes/top.html.erb within layouts/application (1.6ms)
Started GET "/" for 60.112.30.198 at 2021-08-10 13:12:58 +0000
Cannot render console from 60.112.30.198! Allowed networks: 127.0.0.1, ::1, 127.0.0.0/127.255.255.255
Processing by HomesController#top as HTML
  Rendering homes/top.html.erb within layouts/application
  Rendered homes/top.html.erb within layouts/application (0.3ms)
Completed 200 OK in 23012ms (Views: 22995.6ms | ActiveRecord: 0.0ms)


Completed 200 OK in 20807ms (Views: 20806.3ms | ActiveRecord: 0.0ms)


Started GET "/" for 60.112.30.198 at 2021-08-10 13:19:20 +0000
Cannot render console from 60.112.30.198! Allowed networks: 127.0.0.1, ::1, 127.0.0.0/127.255.255.255
  [1m[35m (0.1ms)[0m  [1m[34mSELECT "schema_migrations"."version" FROM "schema_migrations" ORDER BY "schema_migrations"."version" ASC[0m
  ↳ /home/ec2-user/.rvm/gems/ruby-2.6.3/gems/activerecord-5.2.6/lib/active_record/log_subscriber.rb:98
Processing by HomesController#top as HTML
  Rendering homes/top.html.erb within layouts/application
  Rendered homes/top.html.erb within layouts/application (1.1ms)
Completed 200 OK in 601ms (Views: 592.6ms | ActiveRecord: 0.0ms)


Started GET "/users/sign_up" for 60.112.30.198 at 2021-08-10 13:19:26 +0000
Cannot render console from 60.112.30.198! Allowed networks: 127.0.0.1, ::1, 127.0.0.0/127.255.255.255
Processing by Devise::RegistrationsController#new as HTML
  Rendering /home/ec2-user/.rvm/gems/ruby-2.6.3/gems/devise-4.8.0/app/views/devise/registrations/new.html.erb within layouts/application
  Rendered /home/ec2-user/.rvm/gems/ruby-2.6.3/gems/devise-4.8.0/app/views/devise/shared/_error_messages.html.erb (0.5ms)
  Rendered /home/ec2-user/.rvm/gems/ruby-2.6.3/gems/devise-4.8.0/app/views/devise/shared/_links.html.erb (1.1ms)
  Rendered /home/ec2-user/.rvm/gems/ruby-2.6.3/gems/devise-4.8.0/app/views/devise/registrations/new.html.erb within layouts/application (51.9ms)
Completed 200 OK in 197ms (Views: 176.4ms | ActiveRecord: 0.7ms)


Started GET "/admins/sign_up" for 60.112.30.198 at 2021-08-10 13:19:40 +0000
Cannot render console from 60.112.30.198! Allowed networks: 127.0.0.1, ::1, 127.0.0.0/127.255.255.255
Processing by Devise::RegistrationsController#new as HTML
  Rendering /home/ec2-user/.rvm/gems/ruby-2.6.3/gems/devise-4.8.0/app/views/devise/registrations/new.html.erb within layouts/application
  Rendered /home/ec2-user/.rvm/gems/ruby-2.6.3/gems/devise-4.8.0/app/views/devise/shared/_error_messages.html.erb (0.4ms)
  Rendered /home/ec2-user/.rvm/gems/ruby-2.6.3/gems/devise-4.8.0/app/views/devise/shared/_links.html.erb (0.9ms)
  Rendered /home/ec2-user/.rvm/gems/ruby-2.6.3/gems/devise-4.8.0/app/views/devise/registrations/new.html.erb within layouts/application (6.9ms)
Completed 200 OK in 183ms (Views: 171.3ms | ActiveRecord: 0.5ms)


Started GET "/admins/sign_in" for 60.112.30.198 at 2021-08-10 13:19:58 +0000
Cannot render console from 60.112.30.198! Allowed networks: 127.0.0.1, ::1, 127.0.0.0/127.255.255.255
Processing by Devise::SessionsController#new as HTML
  Rendering /home/ec2-user/.rvm/gems/ruby-2.6.3/gems/devise-4.8.0/app/views/devise/sessions/new.html.erb within layouts/application
  Rendered /home/ec2-user/.rvm/gems/ruby-2.6.3/gems/devise-4.8.0/app/views/devise/shared/_links.html.erb (4.8ms)
  Rendered /home/ec2-user/.rvm/gems/ruby-2.6.3/gems/devise-4.8.0/app/views/devise/sessions/new.html.erb within layouts/application (18.0ms)
Completed 200 OK in 161ms (Views: 159.6ms | ActiveRecord: 0.0ms)


Started GET "/users/sign_in" for 60.112.30.198 at 2021-08-10 13:20:16 +0000
Cannot render console from 60.112.30.198! Allowed networks: 127.0.0.1, ::1, 127.0.0.0/127.255.255.255
Processing by Devise::SessionsController#new as HTML
  Rendering /home/ec2-user/.rvm/gems/ruby-2.6.3/gems/devise-4.8.0/app/views/devise/sessions/new.html.erb within layouts/application
  Rendered /home/ec2-user/.rvm/gems/ruby-2.6.3/gems/devise-4.8.0/app/views/devise/shared/_links.html.erb (0.9ms)
  Rendered /home/ec2-user/.rvm/gems/ruby-2.6.3/gems/devise-4.8.0/app/views/devise/sessions/new.html.erb within layouts/application (5.4ms)
Completed 200 OK in 115ms (Views: 113.9ms | ActiveRecord: 0.0ms)


Started GET "/users/sign_in" for 60.112.30.198 at 2021-08-10 13:24:35 +0000
Cannot render console from 60.112.30.198! Allowed networks: 127.0.0.1, ::1, 127.0.0.0/127.255.255.255
Processing by Devise::SessionsController#new as HTML
  Rendering /home/ec2-user/.rvm/gems/ruby-2.6.3/gems/devise-4.8.0/app/views/devise/sessions/new.html.erb within layouts/application
  Rendered /home/ec2-user/.rvm/gems/ruby-2.6.3/gems/devise-4.8.0/app/views/devise/shared/_links.html.erb (1.8ms)
  Rendered /home/ec2-user/.rvm/gems/ruby-2.6.3/gems/devise-4.8.0/app/views/devise/sessions/new.html.erb within layouts/application (5.3ms)
Completed 200 OK in 114ms (Views: 112.8ms | ActiveRecord: 0.0ms)


Started GET "/admins/sign_in" for 60.112.30.198 at 2021-08-10 13:24:44 +0000
Cannot render console from 60.112.30.198! Allowed networks: 127.0.0.1, ::1, 127.0.0.0/127.255.255.255
Processing by Devise::SessionsController#new as HTML
  Rendering /home/ec2-user/.rvm/gems/ruby-2.6.3/gems/devise-4.8.0/app/views/devise/sessions/new.html.erb within layouts/application
  Rendered /home/ec2-user/.rvm/gems/ruby-2.6.3/gems/devise-4.8.0/app/views/devise/shared/_links.html.erb (0.8ms)
  Rendered /home/ec2-user/.rvm/gems/ruby-2.6.3/gems/devise-4.8.0/app/views/devise/sessions/new.html.erb within layouts/application (4.4ms)
Completed 200 OK in 132ms (Views: 127.8ms | ActiveRecord: 0.0ms)


Started GET "/admins/sign_in" for 60.112.30.198 at 2021-08-10 13:24:50 +0000
Cannot render console from 60.112.30.198! Allowed networks: 127.0.0.1, ::1, 127.0.0.0/127.255.255.255
Processing by Devise::SessionsController#new as HTML
  Rendering /home/ec2-user/.rvm/gems/ruby-2.6.3/gems/devise-4.8.0/app/views/devise/sessions/new.html.erb within layouts/application
  Rendered /home/ec2-user/.rvm/gems/ruby-2.6.3/gems/devise-4.8.0/app/views/devise/shared/_links.html.erb (0.7ms)
  Rendered /home/ec2-user/.rvm/gems/ruby-2.6.3/gems/devise-4.8.0/app/views/devise/sessions/new.html.erb within layouts/application (4.9ms)
Completed 200 OK in 117ms (Views: 115.9ms | ActiveRecord: 0.0ms)


Started GET "/admins/sign_up" for 60.112.30.198 at 2021-08-10 13:24:58 +0000
Cannot render console from 60.112.30.198! Allowed networks: 127.0.0.1, ::1, 127.0.0.0/127.255.255.255
Processing by Devise::RegistrationsController#new as HTML
  Rendering /home/ec2-user/.rvm/gems/ruby-2.6.3/gems/devise-4.8.0/app/views/devise/registrations/new.html.erb within layouts/application
  Rendered /home/ec2-user/.rvm/gems/ruby-2.6.3/gems/devise-4.8.0/app/views/devise/shared/_error_messages.html.erb (1.7ms)
  Rendered /home/ec2-user/.rvm/gems/ruby-2.6.3/gems/devise-4.8.0/app/views/devise/shared/_links.html.erb (1.4ms)
  Rendered /home/ec2-user/.rvm/gems/ruby-2.6.3/gems/devise-4.8.0/app/views/devise/registrations/new.html.erb within layouts/application (7.6ms)
Completed 200 OK in 97ms (Views: 96.3ms | ActiveRecord: 0.0ms)


Started GET "/admins/sign_up" for 60.112.30.198 at 2021-08-10 13:26:19 +0000
Cannot render console from 60.112.30.198! Allowed networks: 127.0.0.1, ::1, 127.0.0.0/127.255.255.255
  [1m[35m (0.1ms)[0m  [1m[34mSELECT "schema_migrations"."version" FROM "schema_migrations" ORDER BY "schema_migrations"."version" ASC[0m
  ↳ /home/ec2-user/.rvm/gems/ruby-2.6.3/gems/activerecord-5.2.6/lib/active_record/log_subscriber.rb:98
Processing by Devise::RegistrationsController#new as HTML
  Rendering /home/ec2-user/.rvm/gems/ruby-2.6.3/gems/devise-4.8.0/app/views/devise/registrations/new.html.erb within layouts/application
  Rendered /home/ec2-user/.rvm/gems/ruby-2.6.3/gems/devise-4.8.0/app/views/devise/shared/_error_messages.html.erb (0.4ms)
  Rendered /home/ec2-user/.rvm/gems/ruby-2.6.3/gems/devise-4.8.0/app/views/devise/shared/_links.html.erb (0.8ms)
  Rendered /home/ec2-user/.rvm/gems/ruby-2.6.3/gems/devise-4.8.0/app/views/devise/registrations/new.html.erb within layouts/application (11.1ms)
Completed 200 OK in 537ms (Views: 521.0ms | ActiveRecord: 0.6ms)


Started GET "/admins/sign_up" for 60.112.30.198 at 2021-08-10 13:29:16 +0000
Cannot render console from 60.112.30.198! Allowed networks: 127.0.0.1, ::1, 127.0.0.0/127.255.255.255
  [1m[35m (0.1ms)[0m  [1m[34mSELECT "schema_migrations"."version" FROM "schema_migrations" ORDER BY "schema_migrations"."version" ASC[0m
  ↳ /home/ec2-user/.rvm/gems/ruby-2.6.3/gems/activerecord-5.2.6/lib/active_record/log_subscriber.rb:98
Processing by Devise::RegistrationsController#new as HTML
  Rendering /home/ec2-user/.rvm/gems/ruby-2.6.3/gems/devise-4.8.0/app/views/devise/registrations/new.html.erb within layouts/application
  Rendered /home/ec2-user/.rvm/gems/ruby-2.6.3/gems/devise-4.8.0/app/views/devise/shared/_error_messages.html.erb (0.5ms)
  Rendered /home/ec2-user/.rvm/gems/ruby-2.6.3/gems/devise-4.8.0/app/views/devise/shared/_links.html.erb (0.8ms)
  Rendered /home/ec2-user/.rvm/gems/ruby-2.6.3/gems/devise-4.8.0/app/views/devise/registrations/new.html.erb within layouts/application (11.0ms)
Completed 200 OK in 550ms (Views: 531.8ms | ActiveRecord: 0.6ms)


Started GET "/" for 60.112.30.198 at 2021-08-10 13:29:25 +0000
Cannot render console from 60.112.30.198! Allowed networks: 127.0.0.1, ::1, 127.0.0.0/127.255.255.255
Processing by HomesController#top as HTML
  Rendering homes/top.html.erb within layouts/application
  Rendered homes/top.html.erb within layouts/application (0.3ms)
Completed 200 OK in 102ms (Views: 101.3ms | ActiveRecord: 0.0ms)


Started GET "/" for 60.112.30.198 at 2021-08-10 13:29:26 +0000
Cannot render console from 60.112.30.198! Allowed networks: 127.0.0.1, ::1, 127.0.0.0/127.255.255.255
Processing by HomesController#top as HTML
  Rendering homes/top.html.erb within layouts/application
  Rendered homes/top.html.erb within layouts/application (0.3ms)
Completed 200 OK in 111ms (Views: 110.7ms | ActiveRecord: 0.0ms)


Started GET "/admins/sign_up" for 60.112.30.198 at 2021-08-10 13:29:31 +0000
Cannot render console from 60.112.30.198! Allowed networks: 127.0.0.1, ::1, 127.0.0.0/127.255.255.255
Processing by Devise::RegistrationsController#new as HTML
  Rendering /home/ec2-user/.rvm/gems/ruby-2.6.3/gems/devise-4.8.0/app/views/devise/registrations/new.html.erb within layouts/application
  Rendered /home/ec2-user/.rvm/gems/ruby-2.6.3/gems/devise-4.8.0/app/views/devise/shared/_error_messages.html.erb (0.4ms)
  Rendered /home/ec2-user/.rvm/gems/ruby-2.6.3/gems/devise-4.8.0/app/views/devise/shared/_links.html.erb (0.7ms)
  Rendered /home/ec2-user/.rvm/gems/ruby-2.6.3/gems/devise-4.8.0/app/views/devise/registrations/new.html.erb within layouts/application (6.6ms)
Completed 200 OK in 113ms (Views: 112.0ms | ActiveRecord: 0.0ms)


Started GET "/users/sign_up" for 60.112.30.198 at 2021-08-10 13:30:20 +0000
Cannot render console from 60.112.30.198! Allowed networks: 127.0.0.1, ::1, 127.0.0.0/127.255.255.255
Processing by Devise::RegistrationsController#new as HTML
  Rendering /home/ec2-user/.rvm/gems/ruby-2.6.3/gems/devise-4.8.0/app/views/devise/registrations/new.html.erb within layouts/application
  Rendered /home/ec2-user/.rvm/gems/ruby-2.6.3/gems/devise-4.8.0/app/views/devise/shared/_error_messages.html.erb (0.4ms)
  Rendered /home/ec2-user/.rvm/gems/ruby-2.6.3/gems/devise-4.8.0/app/views/devise/shared/_links.html.erb (0.7ms)
  Rendered /home/ec2-user/.rvm/gems/ruby-2.6.3/gems/devise-4.8.0/app/views/devise/registrations/new.html.erb within layouts/application (8.0ms)
Completed 200 OK in 114ms (Views: 102.1ms | ActiveRecord: 0.5ms)


Started GET "/users/sign_up" for 60.112.30.198 at 2021-08-10 13:35:41 +0000
Cannot render console from 60.112.30.198! Allowed networks: 127.0.0.1, ::1, 127.0.0.0/127.255.255.255
Processing by Devise::RegistrationsController#new as HTML
  Rendering /home/ec2-user/.rvm/gems/ruby-2.6.3/gems/devise-4.8.0/app/views/devise/registrations/new.html.erb within layouts/application
  Rendered /home/ec2-user/.rvm/gems/ruby-2.6.3/gems/devise-4.8.0/app/views/devise/shared/_error_messages.html.erb (0.5ms)
  Rendered /home/ec2-user/.rvm/gems/ruby-2.6.3/gems/devise-4.8.0/app/views/devise/shared/_links.html.erb (0.7ms)
  Rendered /home/ec2-user/.rvm/gems/ruby-2.6.3/gems/devise-4.8.0/app/views/devise/registrations/new.html.erb within layouts/application (6.5ms)
Completed 200 OK in 140ms (Views: 139.7ms | ActiveRecord: 0.0ms)


Started GET "/users/sign_up" for 60.112.30.198 at 2021-08-10 13:35:46 +0000
Cannot render console from 60.112.30.198! Allowed networks: 127.0.0.1, ::1, 127.0.0.0/127.255.255.255
Processing by Devise::RegistrationsController#new as HTML
  Rendering /home/ec2-user/.rvm/gems/ruby-2.6.3/gems/devise-4.8.0/app/views/devise/registrations/new.html.erb within layouts/application
  Rendered /home/ec2-user/.rvm/gems/ruby-2.6.3/gems/devise-4.8.0/app/views/devise/shared/_error_messages.html.erb (0.4ms)
  Rendered /home/ec2-user/.rvm/gems/ruby-2.6.3/gems/devise-4.8.0/app/views/devise/shared/_links.html.erb (0.8ms)
  Rendered /home/ec2-user/.rvm/gems/ruby-2.6.3/gems/devise-4.8.0/app/views/devise/registrations/new.html.erb within layouts/application (6.7ms)
Completed 200 OK in 104ms (Views: 103.5ms | ActiveRecord: 0.0ms)


Started GET "/users/sign_in" for 60.112.30.198 at 2021-08-10 13:35:51 +0000
Cannot render console from 60.112.30.198! Allowed networks: 127.0.0.1, ::1, 127.0.0.0/127.255.255.255
Processing by Devise::SessionsController#new as HTML
  Rendering /home/ec2-user/.rvm/gems/ruby-2.6.3/gems/devise-4.8.0/app/views/devise/sessions/new.html.erb within layouts/application
  Rendered /home/ec2-user/.rvm/gems/ruby-2.6.3/gems/devise-4.8.0/app/views/devise/shared/_links.html.erb (1.0ms)
  Rendered /home/ec2-user/.rvm/gems/ruby-2.6.3/gems/devise-4.8.0/app/views/devise/sessions/new.html.erb within layouts/application (5.2ms)
Completed 200 OK in 105ms (Views: 104.0ms | ActiveRecord: 0.0ms)


Started GET "/users/sign_in" for 60.112.30.198 at 2021-08-10 13:58:15 +0000
Cannot render console from 60.112.30.198! Allowed networks: 127.0.0.1, ::1, 127.0.0.0/127.255.255.255
  [1m[35m (0.1ms)[0m  [1m[34mSELECT "schema_migrations"."version" FROM "schema_migrations" ORDER BY "schema_migrations"."version" ASC[0m
  ↳ /home/ec2-user/.rvm/gems/ruby-2.6.3/gems/activerecord-5.2.6/lib/active_record/log_subscriber.rb:98
Processing by Devise::SessionsController#new as HTML
  Rendering /home/ec2-user/.rvm/gems/ruby-2.6.3/gems/devise-4.8.0/app/views/devise/sessions/new.html.erb within layouts/application
  Rendered /home/ec2-user/.rvm/gems/ruby-2.6.3/gems/devise-4.8.0/app/views/devise/shared/_links.html.erb (1.0ms)
  Rendered /home/ec2-user/.rvm/gems/ruby-2.6.3/gems/devise-4.8.0/app/views/devise/sessions/new.html.erb within layouts/application (10.8ms)
Completed 200 OK in 596ms (Views: 580.2ms | ActiveRecord: 0.7ms)


Started GET "/users/sign_in" for 60.112.30.198 at 2021-08-10 13:59:39 +0000
Cannot render console from 60.112.30.198! Allowed networks: 127.0.0.1, ::1, 127.0.0.0/127.255.255.255
Processing by Devise::SessionsController#new as HTML
  Rendering /home/ec2-user/.rvm/gems/ruby-2.6.3/gems/devise-4.8.0/app/views/devise/sessions/new.html.erb within layouts/application
  Rendered /home/ec2-user/.rvm/gems/ruby-2.6.3/gems/devise-4.8.0/app/views/devise/shared/_links.html.erb (0.8ms)
  Rendered /home/ec2-user/.rvm/gems/ruby-2.6.3/gems/devise-4.8.0/app/views/devise/sessions/new.html.erb within layouts/application (4.9ms)
Completed 200 OK in 107ms (Views: 105.7ms | ActiveRecord: 0.0ms)


Started GET "/users/sign_in" for 60.112.30.198 at 2021-08-10 13:59:42 +0000
Cannot render console from 60.112.30.198! Allowed networks: 127.0.0.1, ::1, 127.0.0.0/127.255.255.255
Processing by Devise::SessionsController#new as HTML
  Rendering /home/ec2-user/.rvm/gems/ruby-2.6.3/gems/devise-4.8.0/app/views/devise/sessions/new.html.erb within layouts/application
  Rendered /home/ec2-user/.rvm/gems/ruby-2.6.3/gems/devise-4.8.0/app/views/devise/shared/_links.html.erb (0.8ms)
  Rendered /home/ec2-user/.rvm/gems/ruby-2.6.3/gems/devise-4.8.0/app/views/devise/sessions/new.html.erb within layouts/application (5.2ms)
Completed 200 OK in 126ms (Views: 124.9ms | ActiveRecord: 0.0ms)


Started GET "/users/sign_in" for 60.112.30.198 at 2021-08-10 14:00:16 +0000
Cannot render console from 60.112.30.198! Allowed networks: 127.0.0.1, ::1, 127.0.0.0/127.255.255.255
Processing by Devise::SessionsController#new as HTML
  Rendering /home/ec2-user/.rvm/gems/ruby-2.6.3/gems/devise-4.8.0/app/views/devise/sessions/new.html.erb within layouts/application
  Rendered /home/ec2-user/.rvm/gems/ruby-2.6.3/gems/devise-4.8.0/app/views/devise/shared/_links.html.erb (0.8ms)
  Rendered /home/ec2-user/.rvm/gems/ruby-2.6.3/gems/devise-4.8.0/app/views/devise/sessions/new.html.erb within layouts/application (5.0ms)
Completed 200 OK in 117ms (Views: 115.7ms | ActiveRecord: 0.0ms)


Started GET "/users/sign_in" for 60.112.30.198 at 2021-08-10 14:00:17 +0000
Cannot render console from 60.112.30.198! Allowed networks: 127.0.0.1, ::1, 127.0.0.0/127.255.255.255
Processing by Devise::SessionsController#new as HTML
  Rendering /home/ec2-user/.rvm/gems/ruby-2.6.3/gems/devise-4.8.0/app/views/devise/sessions/new.html.erb within layouts/application
  Rendered /home/ec2-user/.rvm/gems/ruby-2.6.3/gems/devise-4.8.0/app/views/devise/shared/_links.html.erb (0.8ms)
  Rendered /home/ec2-user/.rvm/gems/ruby-2.6.3/gems/devise-4.8.0/app/views/devise/sessions/new.html.erb within layouts/application (4.1ms)
Completed 200 OK in 115ms (Views: 108.8ms | ActiveRecord: 0.0ms)


Started GET "/users/sign_in" for 60.112.30.198 at 2021-08-10 14:05:59 +0000
Cannot render console from 60.112.30.198! Allowed networks: 127.0.0.1, ::1, 127.0.0.0/127.255.255.255
Processing by Devise::SessionsController#new as HTML
  Rendering /home/ec2-user/.rvm/gems/ruby-2.6.3/gems/devise-4.8.0/app/views/devise/sessions/new.html.erb within layouts/application
  Rendered /home/ec2-user/.rvm/gems/ruby-2.6.3/gems/devise-4.8.0/app/views/devise/shared/_links.html.erb (0.7ms)
  Rendered /home/ec2-user/.rvm/gems/ruby-2.6.3/gems/devise-4.8.0/app/views/devise/sessions/new.html.erb within layouts/application (5.0ms)
Completed 200 OK in 148ms (Views: 145.7ms | ActiveRecord: 0.0ms)


Started GET "/users/sign_in" for 60.112.30.198 at 2021-08-10 14:06:01 +0000
Cannot render console from 60.112.30.198! Allowed networks: 127.0.0.1, ::1, 127.0.0.0/127.255.255.255
Processing by Devise::SessionsController#new as HTML
  Rendering /home/ec2-user/.rvm/gems/ruby-2.6.3/gems/devise-4.8.0/app/views/devise/sessions/new.html.erb within layouts/application
  Rendered /home/ec2-user/.rvm/gems/ruby-2.6.3/gems/devise-4.8.0/app/views/devise/shared/_links.html.erb (1.7ms)
  Rendered /home/ec2-user/.rvm/gems/ruby-2.6.3/gems/devise-4.8.0/app/views/devise/sessions/new.html.erb within layouts/application (5.5ms)
Completed 200 OK in 130ms (Views: 128.7ms | ActiveRecord: 0.0ms)


Started GET "/admins/sign_in" for 60.112.30.198 at 2021-08-10 14:06:13 +0000
Cannot render console from 60.112.30.198! Allowed networks: 127.0.0.1, ::1, 127.0.0.0/127.255.255.255
Processing by Devise::SessionsController#new as HTML
  Rendering /home/ec2-user/.rvm/gems/ruby-2.6.3/gems/devise-4.8.0/app/views/devise/sessions/new.html.erb within layouts/application
  Rendered /home/ec2-user/.rvm/gems/ruby-2.6.3/gems/devise-4.8.0/app/views/devise/shared/_links.html.erb (0.8ms)
  Rendered /home/ec2-user/.rvm/gems/ruby-2.6.3/gems/devise-4.8.0/app/views/devise/sessions/new.html.erb within layouts/application (5.6ms)
Completed 200 OK in 110ms (Views: 100.8ms | ActiveRecord: 0.5ms)


Started GET "/admins/sign_up" for 60.112.30.198 at 2021-08-10 14:06:22 +0000
Cannot render console from 60.112.30.198! Allowed networks: 127.0.0.1, ::1, 127.0.0.0/127.255.255.255
Processing by Devise::RegistrationsController#new as HTML
  Rendering /home/ec2-user/.rvm/gems/ruby-2.6.3/gems/devise-4.8.0/app/views/devise/registrations/new.html.erb within layouts/application
  Rendered /home/ec2-user/.rvm/gems/ruby-2.6.3/gems/devise-4.8.0/app/views/devise/shared/_error_messages.html.erb (0.4ms)
  Rendered /home/ec2-user/.rvm/gems/ruby-2.6.3/gems/devise-4.8.0/app/views/devise/shared/_links.html.erb (0.8ms)
  Rendered /home/ec2-user/.rvm/gems/ruby-2.6.3/gems/devise-4.8.0/app/views/devise/registrations/new.html.erb within layouts/application (8.0ms)
Completed 200 OK in 129ms (Views: 127.6ms | ActiveRecord: 0.0ms)


Started GET "/users/sign_up" for 60.112.30.198 at 2021-08-10 14:06:30 +0000
Cannot render console from 60.112.30.198! Allowed networks: 127.0.0.1, ::1, 127.0.0.0/127.255.255.255
Processing by Devise::RegistrationsController#new as HTML
  Rendering /home/ec2-user/.rvm/gems/ruby-2.6.3/gems/devise-4.8.0/app/views/devise/registrations/new.html.erb within layouts/application
  Rendered /home/ec2-user/.rvm/gems/ruby-2.6.3/gems/devise-4.8.0/app/views/devise/shared/_error_messages.html.erb (1.6ms)
  Rendered /home/ec2-user/.rvm/gems/ruby-2.6.3/gems/devise-4.8.0/app/views/devise/shared/_links.html.erb (1.5ms)
  Rendered /home/ec2-user/.rvm/gems/ruby-2.6.3/gems/devise-4.8.0/app/views/devise/registrations/new.html.erb within layouts/application (7.8ms)
Completed 200 OK in 116ms (Views: 114.1ms | ActiveRecord: 0.0ms)


  [1m[35m (0.1ms)[0m  [1m[34mSELECT "schema_migrations"."version" FROM "schema_migrations" ORDER BY "schema_migrations"."version" ASC[0m
  ↳ bin/rails:9
  [1m[36mActiveRecord::InternalMetadata Load (0.2ms)[0m  [1m[34mSELECT  "ar_internal_metadata".* FROM "ar_internal_metadata" WHERE "ar_internal_metadata"."key" = ? LIMIT ?[0m  [["key", "environment"], ["LIMIT", 1]]
  ↳ bin/rails:9
  [1m[35m (0.0ms)[0m  [1m[36mbegin transaction[0m
  ↳ bin/rails:9
  [1m[35m (0.0ms)[0m  [1m[36mcommit transaction[0m
  ↳ bin/rails:9
  [1m[35m (0.1ms)[0m  [1m[34mSELECT "schema_migrations"."version" FROM "schema_migrations" ORDER BY "schema_migrations"."version" ASC[0m
  ↳ bin/rails:9
